[INFO  - 2016-02-18T15:01:55.778Z] GhostDriver - Main - running on port 1734
[INFO  - 2016-02-18T15:01:55.934Z] Session [8d329ba0-d650-11e5-bdf3-7dbd68d88ece] - page.settings - {"XSSAuditingEnabled":false,"javascriptCanCloseWindows":true,"javascriptCanOpenWindows":true,"javascriptEnabled":true,"loadImages":true,"localToRemoteUrlAccessEnabled":false,"userAgent":"Mozilla/5.0 (Macintosh; Intel Mac OS X) AppleWebKit/534.34 (KHTML, like Gecko) PhantomJS/1.9.8 Safari/534.34","webSecurityEnabled":true}
[INFO  - 2016-02-18T15:01:55.934Z] Session [8d329ba0-d650-11e5-bdf3-7dbd68d88ece] - page.customHeaders:  - {}
[INFO  - 2016-02-18T15:01:55.934Z] Session [8d329ba0-d650-11e5-bdf3-7dbd68d88ece] - Session.negotiatedCapabilities - {"browserName":"phantomjs","version":"1.9.8","driverName":"ghostdriver","driverVersion":"1.1.0","platform":"mac-unknown-32bit","javascriptEnabled":true,"takesScreenshot":true,"handlesAlerts":false,"databaseEnabled":false,"locationContextEnabled":false,"applicationCacheEnabled":false,"browserConnectionEnabled":false,"cssSelectorsEnabled":true,"webStorageEnabled":false,"rotatable":false,"acceptSslCerts":false,"nativeEvents":true,"proxy":{"proxyType":"direct"}}
[INFO  - 2016-02-18T15:01:55.934Z] SessionManagerReqHand - _postNewSessionCommand - New Session Created: 8d329ba0-d650-11e5-bdf3-7dbd68d88ece
[INFO  - 2016-02-18T15:03:44.450Z] GhostDriver - Main - running on port 46510
[INFO  - 2016-02-18T15:03:44.797Z] Session [ce15c890-d650-11e5-a754-9d95f797b289] - page.settings - {"XSSAuditingEnabled":false,"javascriptCanCloseWindows":true,"javascriptCanOpenWindows":true,"javascriptEnabled":true,"loadImages":true,"localToRemoteUrlAccessEnabled":false,"userAgent":"Mozilla/5.0 (Macintosh; Intel Mac OS X) AppleWebKit/534.34 (KHTML, like Gecko) PhantomJS/1.9.8 Safari/534.34","webSecurityEnabled":true}
[INFO  - 2016-02-18T15:03:44.797Z] Session [ce15c890-d650-11e5-a754-9d95f797b289] - page.customHeaders:  - {}
[INFO  - 2016-02-18T15:03:44.797Z] Session [ce15c890-d650-11e5-a754-9d95f797b289] - Session.negotiatedCapabilities - {"browserName":"phantomjs","version":"1.9.8","driverName":"ghostdriver","driverVersion":"1.1.0","platform":"mac-unknown-32bit","javascriptEnabled":true,"takesScreenshot":true,"handlesAlerts":false,"databaseEnabled":false,"locationContextEnabled":false,"applicationCacheEnabled":false,"browserConnectionEnabled":false,"cssSelectorsEnabled":true,"webStorageEnabled":false,"rotatable":false,"acceptSslCerts":false,"nativeEvents":true,"proxy":{"proxyType":"direct"}}
[INFO  - 2016-02-18T15:03:44.797Z] SessionManagerReqHand - _postNewSessionCommand - New Session Created: ce15c890-d650-11e5-a754-9d95f797b289
[INFO  - 2016-02-18T15:06:55.778Z] SessionManagerReqHand - _cleanupWindowlessSessions - Asynchronous Sessions clean-up phase starting NOW
[INFO  - 2016-02-18T15:08:44.451Z] SessionManagerReqHand - _cleanupWindowlessSessions - Asynchronous Sessions clean-up phase starting NOW
[INFO  - 2016-02-18T15:11:55.777Z] SessionManagerReqHand - _cleanupWindowlessSessions - Asynchronous Sessions clean-up phase starting NOW
[INFO  - 2016-02-18T15:12:21.028Z] GhostDriver - Main - running on port 28599
[INFO  - 2016-02-18T15:12:21.382Z] Session [01fe6620-d652-11e5-aecd-0f8e84ce5e63] - page.settings - {"XSSAuditingEnabled":false,"javascriptCanCloseWindows":true,"javascriptCanOpenWindows":true,"javascriptEnabled":true,"loadImages":true,"localToRemoteUrlAccessEnabled":false,"userAgent":"Mozilla/5.0 (Macintosh; Intel Mac OS X) AppleWebKit/534.34 (KHTML, like Gecko) PhantomJS/1.9.8 Safari/534.34","webSecurityEnabled":true}
[INFO  - 2016-02-18T15:12:21.382Z] Session [01fe6620-d652-11e5-aecd-0f8e84ce5e63] - page.customHeaders:  - {}
[INFO  - 2016-02-18T15:12:21.382Z] Session [01fe6620-d652-11e5-aecd-0f8e84ce5e63] - Session.negotiatedCapabilities - {"browserName":"phantomjs","version":"1.9.8","driverName":"ghostdriver","driverVersion":"1.1.0","platform":"mac-unknown-32bit","javascriptEnabled":true,"takesScreenshot":true,"handlesAlerts":false,"databaseEnabled":false,"locationContextEnabled":false,"applicationCacheEnabled":false,"browserConnectionEnabled":false,"cssSelectorsEnabled":true,"webStorageEnabled":false,"rotatable":false,"acceptSslCerts":false,"nativeEvents":true,"proxy":{"proxyType":"direct"}}
[INFO  - 2016-02-18T15:12:21.382Z] SessionManagerReqHand - _postNewSessionCommand - New Session Created: 01fe6620-d652-11e5-aecd-0f8e84ce5e63
[INFO  - 2016-02-18T15:12:24.159Z] ShutdownReqHand - _handle - About to shutdown
[INFO  - 2016-02-18T15:13:26.928Z] GhostDriver - Main - running on port 6541
[INFO  - 2016-02-18T15:13:27.284Z] Session [29463f00-d652-11e5-b145-9d55de7645d3] - page.settings - {"XSSAuditingEnabled":false,"javascriptCanCloseWindows":true,"javascriptCanOpenWindows":true,"javascriptEnabled":true,"loadImages":true,"localToRemoteUrlAccessEnabled":false,"userAgent":"Mozilla/5.0 (Macintosh; Intel Mac OS X) AppleWebKit/534.34 (KHTML, like Gecko) PhantomJS/1.9.8 Safari/534.34","webSecurityEnabled":true}
[INFO  - 2016-02-18T15:13:27.284Z] Session [29463f00-d652-11e5-b145-9d55de7645d3] - page.customHeaders:  - {}
[INFO  - 2016-02-18T15:13:27.284Z] Session [29463f00-d652-11e5-b145-9d55de7645d3] - Session.negotiatedCapabilities - {"browserName":"phantomjs","version":"1.9.8","driverName":"ghostdriver","driverVersion":"1.1.0","platform":"mac-unknown-32bit","javascriptEnabled":true,"takesScreenshot":true,"handlesAlerts":false,"databaseEnabled":false,"locationContextEnabled":false,"applicationCacheEnabled":false,"browserConnectionEnabled":false,"cssSelectorsEnabled":true,"webStorageEnabled":false,"rotatable":false,"acceptSslCerts":false,"nativeEvents":true,"proxy":{"proxyType":"direct"}}
[INFO  - 2016-02-18T15:13:27.284Z] SessionManagerReqHand - _postNewSessionCommand - New Session Created: 29463f00-d652-11e5-b145-9d55de7645d3
[INFO  - 2016-02-18T15:13:37.609Z] ShutdownReqHand - _handle - About to shutdown
[INFO  - 2016-02-18T15:13:44.450Z] SessionManagerReqHand - _cleanupWindowlessSessions - Asynchronous Sessions clean-up phase starting NOW
[INFO  - 2016-02-18T15:13:54.294Z] GhostDriver - Main - running on port 22366
[INFO  - 2016-02-18T15:13:54.646Z] Session [3995a940-d652-11e5-95f6-5d4325cd8dbb] - page.settings - {"XSSAuditingEnabled":false,"javascriptCanCloseWindows":true,"javascriptCanOpenWindows":true,"javascriptEnabled":true,"loadImages":true,"localToRemoteUrlAccessEnabled":false,"userAgent":"Mozilla/5.0 (Macintosh; Intel Mac OS X) AppleWebKit/534.34 (KHTML, like Gecko) PhantomJS/1.9.8 Safari/534.34","webSecurityEnabled":true}
[INFO  - 2016-02-18T15:13:54.646Z] Session [3995a940-d652-11e5-95f6-5d4325cd8dbb] - page.customHeaders:  - {}
[INFO  - 2016-02-18T15:13:54.647Z] Session [3995a940-d652-11e5-95f6-5d4325cd8dbb] - Session.negotiatedCapabilities - {"browserName":"phantomjs","version":"1.9.8","driverName":"ghostdriver","driverVersion":"1.1.0","platform":"mac-unknown-32bit","javascriptEnabled":true,"takesScreenshot":true,"handlesAlerts":false,"databaseEnabled":false,"locationContextEnabled":false,"applicationCacheEnabled":false,"browserConnectionEnabled":false,"cssSelectorsEnabled":true,"webStorageEnabled":false,"rotatable":false,"acceptSslCerts":false,"nativeEvents":true,"proxy":{"proxyType":"direct"}}
[INFO  - 2016-02-18T15:13:54.647Z] SessionManagerReqHand - _postNewSessionCommand - New Session Created: 3995a940-d652-11e5-95f6-5d4325cd8dbb
[INFO  - 2016-02-18T15:14:30.139Z] ShutdownReqHand - _handle - About to shutdown
[INFO  - 2016-02-18T15:14:33.025Z] GhostDriver - Main - running on port 26374
[INFO  - 2016-02-18T15:14:33.383Z] Session [50ac4e40-d652-11e5-8066-97ded8996743] - page.settings - {"XSSAuditingEnabled":false,"javascriptCanCloseWindows":true,"javascriptCanOpenWindows":true,"javascriptEnabled":true,"loadImages":true,"localToRemoteUrlAccessEnabled":false,"userAgent":"Mozilla/5.0 (Macintosh; Intel Mac OS X) AppleWebKit/534.34 (KHTML, like Gecko) PhantomJS/1.9.8 Safari/534.34","webSecurityEnabled":true}
[INFO  - 2016-02-18T15:14:33.383Z] Session [50ac4e40-d652-11e5-8066-97ded8996743] - page.customHeaders:  - {}
[INFO  - 2016-02-18T15:14:33.383Z] Session [50ac4e40-d652-11e5-8066-97ded8996743] - Session.negotiatedCapabilities - {"browserName":"phantomjs","version":"1.9.8","driverName":"ghostdriver","driverVersion":"1.1.0","platform":"mac-unknown-32bit","javascriptEnabled":true,"takesScreenshot":true,"handlesAlerts":false,"databaseEnabled":false,"locationContextEnabled":false,"applicationCacheEnabled":false,"browserConnectionEnabled":false,"cssSelectorsEnabled":true,"webStorageEnabled":false,"rotatable":false,"acceptSslCerts":false,"nativeEvents":true,"proxy":{"proxyType":"direct"}}
[INFO  - 2016-02-18T15:14:33.383Z] SessionManagerReqHand - _postNewSessionCommand - New Session Created: 50ac4e40-d652-11e5-8066-97ded8996743
[INFO  - 2016-02-18T15:14:36.309Z] ShutdownReqHand - _handle - About to shutdown
[INFO  - 2016-02-18T15:16:48.035Z] GhostDriver - Main - running on port 33442
[INFO  - 2016-02-18T15:16:48.390Z] Session [a124bd30-d652-11e5-a18e-6385662fc41c] - page.settings - {"XSSAuditingEnabled":false,"javascriptCanCloseWindows":true,"javascriptCanOpenWindows":true,"javascriptEnabled":true,"loadImages":true,"localToRemoteUrlAccessEnabled":false,"userAgent":"Mozilla/5.0 (Macintosh; Intel Mac OS X) AppleWebKit/534.34 (KHTML, like Gecko) PhantomJS/1.9.8 Safari/534.34","webSecurityEnabled":true}
[INFO  - 2016-02-18T15:16:48.390Z] Session [a124bd30-d652-11e5-a18e-6385662fc41c] - page.customHeaders:  - {}
[INFO  - 2016-02-18T15:16:48.390Z] Session [a124bd30-d652-11e5-a18e-6385662fc41c] - Session.negotiatedCapabilities - {"browserName":"phantomjs","version":"1.9.8","driverName":"ghostdriver","driverVersion":"1.1.0","platform":"mac-unknown-32bit","javascriptEnabled":true,"takesScreenshot":true,"handlesAlerts":false,"databaseEnabled":false,"locationContextEnabled":false,"applicationCacheEnabled":false,"browserConnectionEnabled":false,"cssSelectorsEnabled":true,"webStorageEnabled":false,"rotatable":false,"acceptSslCerts":false,"nativeEvents":true,"proxy":{"proxyType":"direct"}}
[INFO  - 2016-02-18T15:16:48.390Z] SessionManagerReqHand - _postNewSessionCommand - New Session Created: a124bd30-d652-11e5-a18e-6385662fc41c
[INFO  - 2016-02-18T15:16:50.928Z] ShutdownReqHand - _handle - About to shutdown
[INFO  - 2016-02-18T15:16:55.778Z] SessionManagerReqHand - _cleanupWindowlessSessions - Asynchronous Sessions clean-up phase starting NOW
[INFO  - 2016-02-18T15:17:07.583Z] GhostDriver - Main - running on port 36595
[INFO  - 2016-02-18T15:17:07.932Z] Session [acca9c90-d652-11e5-9665-a3059d0ca0d1] - page.settings - {"XSSAuditingEnabled":false,"javascriptCanCloseWindows":true,"javascriptCanOpenWindows":true,"javascriptEnabled":true,"loadImages":true,"localToRemoteUrlAccessEnabled":false,"userAgent":"Mozilla/5.0 (Macintosh; Intel Mac OS X) AppleWebKit/534.34 (KHTML, like Gecko) PhantomJS/1.9.8 Safari/534.34","webSecurityEnabled":true}
[INFO  - 2016-02-18T15:17:07.932Z] Session [acca9c90-d652-11e5-9665-a3059d0ca0d1] - page.customHeaders:  - {}
[INFO  - 2016-02-18T15:17:07.932Z] Session [acca9c90-d652-11e5-9665-a3059d0ca0d1] - Session.negotiatedCapabilities - {"browserName":"phantomjs","version":"1.9.8","driverName":"ghostdriver","driverVersion":"1.1.0","platform":"mac-unknown-32bit","javascriptEnabled":true,"takesScreenshot":true,"handlesAlerts":false,"databaseEnabled":false,"locationContextEnabled":false,"applicationCacheEnabled":false,"browserConnectionEnabled":false,"cssSelectorsEnabled":true,"webStorageEnabled":false,"rotatable":false,"acceptSslCerts":false,"nativeEvents":true,"proxy":{"proxyType":"direct"}}
[INFO  - 2016-02-18T15:17:07.933Z] SessionManagerReqHand - _postNewSessionCommand - New Session Created: acca9c90-d652-11e5-9665-a3059d0ca0d1
[INFO  - 2016-02-18T15:17:08.223Z] ShutdownReqHand - _handle - About to shutdown
[INFO  - 2016-02-18T15:17:21.128Z] GhostDriver - Main - running on port 38959
[INFO  - 2016-02-18T15:17:21.476Z] Session [b4dd1c00-d652-11e5-a0a3-6b97d1f6ee2c] - page.settings - {"XSSAuditingEnabled":false,"javascriptCanCloseWindows":true,"javascriptCanOpenWindows":true,"javascriptEnabled":true,"loadImages":true,"localToRemoteUrlAccessEnabled":false,"userAgent":"Mozilla/5.0 (Macintosh; Intel Mac OS X) AppleWebKit/534.34 (KHTML, like Gecko) PhantomJS/1.9.8 Safari/534.34","webSecurityEnabled":true}
[INFO  - 2016-02-18T15:17:21.476Z] Session [b4dd1c00-d652-11e5-a0a3-6b97d1f6ee2c] - page.customHeaders:  - {}
[INFO  - 2016-02-18T15:17:21.476Z] Session [b4dd1c00-d652-11e5-a0a3-6b97d1f6ee2c] - Session.negotiatedCapabilities - {"browserName":"phantomjs","version":"1.9.8","driverName":"ghostdriver","driverVersion":"1.1.0","platform":"mac-unknown-32bit","javascriptEnabled":true,"takesScreenshot":true,"handlesAlerts":false,"databaseEnabled":false,"locationContextEnabled":false,"applicationCacheEnabled":false,"browserConnectionEnabled":false,"cssSelectorsEnabled":true,"webStorageEnabled":false,"rotatable":false,"acceptSslCerts":false,"nativeEvents":true,"proxy":{"proxyType":"direct"}}
[INFO  - 2016-02-18T15:17:21.476Z] SessionManagerReqHand - _postNewSessionCommand - New Session Created: b4dd1c00-d652-11e5-a0a3-6b97d1f6ee2c
[INFO  - 2016-02-18T15:17:24.282Z] ShutdownReqHand - _handle - About to shutdown
[INFO  - 2016-02-18T15:17:46.752Z] GhostDriver - Main - running on port 8722
[INFO  - 2016-02-18T15:17:47.096Z] Session [c4229050-d652-11e5-ac10-7d936a9653db] - page.settings - {"XSSAuditingEnabled":false,"javascriptCanCloseWindows":true,"javascriptCanOpenWindows":true,"javascriptEnabled":true,"loadImages":true,"localToRemoteUrlAccessEnabled":false,"userAgent":"Mozilla/5.0 (Macintosh; Intel Mac OS X) AppleWebKit/534.34 (KHTML, like Gecko) PhantomJS/1.9.8 Safari/534.34","webSecurityEnabled":true}
[INFO  - 2016-02-18T15:17:47.096Z] Session [c4229050-d652-11e5-ac10-7d936a9653db] - page.customHeaders:  - {}
[INFO  - 2016-02-18T15:17:47.096Z] Session [c4229050-d652-11e5-ac10-7d936a9653db] - Session.negotiatedCapabilities - {"browserName":"phantomjs","version":"1.9.8","driverName":"ghostdriver","driverVersion":"1.1.0","platform":"mac-unknown-32bit","javascriptEnabled":true,"takesScreenshot":true,"handlesAlerts":false,"databaseEnabled":false,"locationContextEnabled":false,"applicationCacheEnabled":false,"browserConnectionEnabled":false,"cssSelectorsEnabled":true,"webStorageEnabled":false,"rotatable":false,"acceptSslCerts":false,"nativeEvents":true,"proxy":{"proxyType":"direct"}}
[INFO  - 2016-02-18T15:17:47.096Z] SessionManagerReqHand - _postNewSessionCommand - New Session Created: c4229050-d652-11e5-ac10-7d936a9653db
[INFO  - 2016-02-18T15:17:49.440Z] ShutdownReqHand - _handle - About to shutdown
[INFO  - 2016-02-18T15:18:44.450Z] SessionManagerReqHand - _cleanupWindowlessSessions - Asynchronous Sessions clean-up phase starting NOW
[INFO  - 2016-02-18T15:19:43.302Z] GhostDriver - Main - running on port 22331
[INFO  - 2016-02-18T15:19:43.650Z] Session [099b4af0-d653-11e5-8849-f7a0205966cc] - page.settings - {"XSSAuditingEnabled":false,"javascriptCanCloseWindows":true,"javascriptCanOpenWindows":true,"javascriptEnabled":true,"loadImages":true,"localToRemoteUrlAccessEnabled":false,"userAgent":"Mozilla/5.0 (Macintosh; Intel Mac OS X) AppleWebKit/534.34 (KHTML, like Gecko) PhantomJS/1.9.8 Safari/534.34","webSecurityEnabled":true}
[INFO  - 2016-02-18T15:19:43.650Z] Session [099b4af0-d653-11e5-8849-f7a0205966cc] - page.customHeaders:  - {}
[INFO  - 2016-02-18T15:19:43.650Z] Session [099b4af0-d653-11e5-8849-f7a0205966cc] - Session.negotiatedCapabilities - {"browserName":"phantomjs","version":"1.9.8","driverName":"ghostdriver","driverVersion":"1.1.0","platform":"mac-unknown-32bit","javascriptEnabled":true,"takesScreenshot":true,"handlesAlerts":false,"databaseEnabled":false,"locationContextEnabled":false,"applicationCacheEnabled":false,"browserConnectionEnabled":false,"cssSelectorsEnabled":true,"webStorageEnabled":false,"rotatable":false,"acceptSslCerts":false,"nativeEvents":true,"proxy":{"proxyType":"direct"}}
[INFO  - 2016-02-18T15:19:43.650Z] SessionManagerReqHand - _postNewSessionCommand - New Session Created: 099b4af0-d653-11e5-8849-f7a0205966cc
[INFO  - 2016-02-18T15:19:45.387Z] ShutdownReqHand - _handle - About to shutdown
[INFO  - 2016-02-18T15:20:11.049Z] GhostDriver - Main - running on port 47356
[INFO  - 2016-02-18T15:20:11.395Z] Session [1a24d800-d653-11e5-90b3-f556565427f7] - page.settings - {"XSSAuditingEnabled":false,"javascriptCanCloseWindows":true,"javascriptCanOpenWindows":true,"javascriptEnabled":true,"loadImages":true,"localToRemoteUrlAccessEnabled":false,"userAgent":"Mozilla/5.0 (Macintosh; Intel Mac OS X) AppleWebKit/534.34 (KHTML, like Gecko) PhantomJS/1.9.8 Safari/534.34","webSecurityEnabled":true}
[INFO  - 2016-02-18T15:20:11.395Z] Session [1a24d800-d653-11e5-90b3-f556565427f7] - page.customHeaders:  - {}
[INFO  - 2016-02-18T15:20:11.395Z] Session [1a24d800-d653-11e5-90b3-f556565427f7] - Session.negotiatedCapabilities - {"browserName":"phantomjs","version":"1.9.8","driverName":"ghostdriver","driverVersion":"1.1.0","platform":"mac-unknown-32bit","javascriptEnabled":true,"takesScreenshot":true,"handlesAlerts":false,"databaseEnabled":false,"locationContextEnabled":false,"applicationCacheEnabled":false,"browserConnectionEnabled":false,"cssSelectorsEnabled":true,"webStorageEnabled":false,"rotatable":false,"acceptSslCerts":false,"nativeEvents":true,"proxy":{"proxyType":"direct"}}
[INFO  - 2016-02-18T15:20:11.395Z] SessionManagerReqHand - _postNewSessionCommand - New Session Created: 1a24d800-d653-11e5-90b3-f556565427f7
[INFO  - 2016-02-18T15:20:13.126Z] ShutdownReqHand - _handle - About to shutdown
[INFO  - 2016-02-18T15:21:55.778Z] SessionManagerReqHand - _cleanupWindowlessSessions - Asynchronous Sessions clean-up phase starting NOW
[INFO  - 2016-02-18T15:23:28.376Z] GhostDriver - Main - running on port 36342
[INFO  - 2016-02-18T15:23:28.725Z] Session [8fc30320-d653-11e5-bcca-3970e6f43037] - page.settings - {"XSSAuditingEnabled":false,"javascriptCanCloseWindows":true,"javascriptCanOpenWindows":true,"javascriptEnabled":true,"loadImages":true,"localToRemoteUrlAccessEnabled":false,"userAgent":"Mozilla/5.0 (Macintosh; Intel Mac OS X) AppleWebKit/534.34 (KHTML, like Gecko) PhantomJS/1.9.8 Safari/534.34","webSecurityEnabled":true}
[INFO  - 2016-02-18T15:23:28.725Z] Session [8fc30320-d653-11e5-bcca-3970e6f43037] - page.customHeaders:  - {}
[INFO  - 2016-02-18T15:23:28.725Z] Session [8fc30320-d653-11e5-bcca-3970e6f43037] - Session.negotiatedCapabilities - {"browserName":"phantomjs","version":"1.9.8","driverName":"ghostdriver","driverVersion":"1.1.0","platform":"mac-unknown-32bit","javascriptEnabled":true,"takesScreenshot":true,"handlesAlerts":false,"databaseEnabled":false,"locationContextEnabled":false,"applicationCacheEnabled":false,"browserConnectionEnabled":false,"cssSelectorsEnabled":true,"webStorageEnabled":false,"rotatable":false,"acceptSslCerts":false,"nativeEvents":true,"proxy":{"proxyType":"direct"}}
[INFO  - 2016-02-18T15:23:28.725Z] SessionManagerReqHand - _postNewSessionCommand - New Session Created: 8fc30320-d653-11e5-bcca-3970e6f43037
[INFO  - 2016-02-18T15:23:31.445Z] ShutdownReqHand - _handle - About to shutdown
[INFO  - 2016-02-18T15:23:44.450Z] SessionManagerReqHand - _cleanupWindowlessSessions - Asynchronous Sessions clean-up phase starting NOW
[INFO  - 2016-02-18T15:24:27.035Z] GhostDriver - Main - running on port 25531
[INFO  - 2016-02-18T15:24:27.383Z] Session [b2b98340-d653-11e5-ac65-138c746eb0c5] - page.settings - {"XSSAuditingEnabled":false,"javascriptCanCloseWindows":true,"javascriptCanOpenWindows":true,"javascriptEnabled":true,"loadImages":true,"localToRemoteUrlAccessEnabled":false,"userAgent":"Mozilla/5.0 (Macintosh; Intel Mac OS X) AppleWebKit/534.34 (KHTML, like Gecko) PhantomJS/1.9.8 Safari/534.34","webSecurityEnabled":true}
[INFO  - 2016-02-18T15:24:27.384Z] Session [b2b98340-d653-11e5-ac65-138c746eb0c5] - page.customHeaders:  - {}
[INFO  - 2016-02-18T15:24:27.384Z] Session [b2b98340-d653-11e5-ac65-138c746eb0c5] - Session.negotiatedCapabilities - {"browserName":"phantomjs","version":"1.9.8","driverName":"ghostdriver","driverVersion":"1.1.0","platform":"mac-unknown-32bit","javascriptEnabled":true,"takesScreenshot":true,"handlesAlerts":false,"databaseEnabled":false,"locationContextEnabled":false,"applicationCacheEnabled":false,"browserConnectionEnabled":false,"cssSelectorsEnabled":true,"webStorageEnabled":false,"rotatable":false,"acceptSslCerts":false,"nativeEvents":true,"proxy":{"proxyType":"direct"}}
[INFO  - 2016-02-18T15:24:27.384Z] SessionManagerReqHand - _postNewSessionCommand - New Session Created: b2b98340-d653-11e5-ac65-138c746eb0c5
[INFO  - 2016-02-18T15:24:31.428Z] ShutdownReqHand - _handle - About to shutdown
[INFO  - 2016-02-18T15:24:58.163Z] GhostDriver - Main - running on port 25724
[INFO  - 2016-02-18T15:24:58.490Z] Session [c5441070-d653-11e5-a7cc-4fb212947c91] - page.settings - {"XSSAuditingEnabled":false,"javascriptCanCloseWindows":true,"javascriptCanOpenWindows":true,"javascriptEnabled":true,"loadImages":true,"localToRemoteUrlAccessEnabled":false,"userAgent":"Mozilla/5.0 (Macintosh; Intel Mac OS X) AppleWebKit/534.34 (KHTML, like Gecko) PhantomJS/1.9.8 Safari/534.34","webSecurityEnabled":true}
[INFO  - 2016-02-18T15:24:58.490Z] Session [c5441070-d653-11e5-a7cc-4fb212947c91] - page.customHeaders:  - {}
[INFO  - 2016-02-18T15:24:58.490Z] Session [c5441070-d653-11e5-a7cc-4fb212947c91] - Session.negotiatedCapabilities - {"browserName":"phantomjs","version":"1.9.8","driverName":"ghostdriver","driverVersion":"1.1.0","platform":"mac-unknown-32bit","javascriptEnabled":true,"takesScreenshot":true,"handlesAlerts":false,"databaseEnabled":false,"locationContextEnabled":false,"applicationCacheEnabled":false,"browserConnectionEnabled":false,"cssSelectorsEnabled":true,"webStorageEnabled":false,"rotatable":false,"acceptSslCerts":false,"nativeEvents":true,"proxy":{"proxyType":"direct"}}
[INFO  - 2016-02-18T15:24:58.490Z] SessionManagerReqHand - _postNewSessionCommand - New Session Created: c5441070-d653-11e5-a7cc-4fb212947c91
[INFO  - 2016-02-18T15:25:04.345Z] ShutdownReqHand - _handle - About to shutdown
[INFO  - 2016-02-18T15:26:55.780Z] SessionManagerReqHand - _cleanupWindowlessSessions - Asynchronous Sessions clean-up phase starting NOW
[INFO  - 2016-02-18T15:28:44.451Z] SessionManagerReqHand - _cleanupWindowlessSessions - Asynchronous Sessions clean-up phase starting NOW
[INFO  - 2016-02-18T15:30:56.733Z] GhostDriver - Main - running on port 39393
[INFO  - 2016-02-18T15:30:57.078Z] Session [9b001920-d654-11e5-a729-11d9c686218b] - page.settings - {"XSSAuditingEnabled":false,"javascriptCanCloseWindows":true,"javascriptCanOpenWindows":true,"javascriptEnabled":true,"loadImages":true,"localToRemoteUrlAccessEnabled":false,"userAgent":"Mozilla/5.0 (Macintosh; Intel Mac OS X) AppleWebKit/534.34 (KHTML, like Gecko) PhantomJS/1.9.8 Safari/534.34","webSecurityEnabled":true}
[INFO  - 2016-02-18T15:30:57.078Z] Session [9b001920-d654-11e5-a729-11d9c686218b] - page.customHeaders:  - {}
[INFO  - 2016-02-18T15:30:57.078Z] Session [9b001920-d654-11e5-a729-11d9c686218b] - Session.negotiatedCapabilities - {"browserName":"phantomjs","version":"1.9.8","driverName":"ghostdriver","driverVersion":"1.1.0","platform":"mac-unknown-32bit","javascriptEnabled":true,"takesScreenshot":true,"handlesAlerts":false,"databaseEnabled":false,"locationContextEnabled":false,"applicationCacheEnabled":false,"browserConnectionEnabled":false,"cssSelectorsEnabled":true,"webStorageEnabled":false,"rotatable":false,"acceptSslCerts":false,"nativeEvents":true,"proxy":{"proxyType":"direct"}}
[INFO  - 2016-02-18T15:30:57.078Z] SessionManagerReqHand - _postNewSessionCommand - New Session Created: 9b001920-d654-11e5-a729-11d9c686218b
[INFO  - 2016-02-18T15:31:02.851Z] ShutdownReqHand - _handle - About to shutdown
[INFO  - 2016-02-18T15:31:27.728Z] GhostDriver - Main - running on port 26996
[INFO  - 2016-02-18T15:31:28.068Z] Session [ad78cc00-d654-11e5-95af-1fd3cd813904] - page.settings - {"XSSAuditingEnabled":false,"javascriptCanCloseWindows":true,"javascriptCanOpenWindows":true,"javascriptEnabled":true,"loadImages":true,"localToRemoteUrlAccessEnabled":false,"userAgent":"Mozilla/5.0 (Macintosh; Intel Mac OS X) AppleWebKit/534.34 (KHTML, like Gecko) PhantomJS/1.9.8 Safari/534.34","webSecurityEnabled":true}
[INFO  - 2016-02-18T15:31:28.068Z] Session [ad78cc00-d654-11e5-95af-1fd3cd813904] - page.customHeaders:  - {}
[INFO  - 2016-02-18T15:31:28.068Z] Session [ad78cc00-d654-11e5-95af-1fd3cd813904] - Session.negotiatedCapabilities - {"browserName":"phantomjs","version":"1.9.8","driverName":"ghostdriver","driverVersion":"1.1.0","platform":"mac-unknown-32bit","javascriptEnabled":true,"takesScreenshot":true,"handlesAlerts":false,"databaseEnabled":false,"locationContextEnabled":false,"applicationCacheEnabled":false,"browserConnectionEnabled":false,"cssSelectorsEnabled":true,"webStorageEnabled":false,"rotatable":false,"acceptSslCerts":false,"nativeEvents":true,"proxy":{"proxyType":"direct"}}
[INFO  - 2016-02-18T15:31:28.068Z] SessionManagerReqHand - _postNewSessionCommand - New Session Created: ad78cc00-d654-11e5-95af-1fd3cd813904
[INFO  - 2016-02-18T15:31:33.600Z] ShutdownReqHand - _handle - About to shutdown
[INFO  - 2016-02-18T15:31:55.780Z] SessionManagerReqHand - _cleanupWindowlessSessions - Asynchronous Sessions clean-up phase starting NOW
[INFO  - 2016-02-18T15:32:18.584Z] GhostDriver - Main - running on port 36192
[INFO  - 2016-02-18T15:32:18.923Z] Session [cbc8ce80-d654-11e5-8987-e1a0c623a67a] - page.settings - {"XSSAuditingEnabled":false,"javascriptCanCloseWindows":true,"javascriptCanOpenWindows":true,"javascriptEnabled":true,"loadImages":true,"localToRemoteUrlAccessEnabled":false,"userAgent":"Mozilla/5.0 (Macintosh; Intel Mac OS X) AppleWebKit/534.34 (KHTML, like Gecko) PhantomJS/1.9.8 Safari/534.34","webSecurityEnabled":true}
[INFO  - 2016-02-18T15:32:18.923Z] Session [cbc8ce80-d654-11e5-8987-e1a0c623a67a] - page.customHeaders:  - {}
[INFO  - 2016-02-18T15:32:18.924Z] Session [cbc8ce80-d654-11e5-8987-e1a0c623a67a] - Session.negotiatedCapabilities - {"browserName":"phantomjs","version":"1.9.8","driverName":"ghostdriver","driverVersion":"1.1.0","platform":"mac-unknown-32bit","javascriptEnabled":true,"takesScreenshot":true,"handlesAlerts":false,"databaseEnabled":false,"locationContextEnabled":false,"applicationCacheEnabled":false,"browserConnectionEnabled":false,"cssSelectorsEnabled":true,"webStorageEnabled":false,"rotatable":false,"acceptSslCerts":false,"nativeEvents":true,"proxy":{"proxyType":"direct"}}
[INFO  - 2016-02-18T15:32:18.924Z] SessionManagerReqHand - _postNewSessionCommand - New Session Created: cbc8ce80-d654-11e5-8987-e1a0c623a67a
[INFO  - 2016-02-18T15:32:20.698Z] ShutdownReqHand - _handle - About to shutdown
[INFO  - 2016-02-18T15:32:42.503Z] GhostDriver - Main - running on port 44630
[INFO  - 2016-02-18T15:32:42.841Z] Session [da0a6760-d654-11e5-a5c8-a7b53004fd30] - page.settings - {"XSSAuditingEnabled":false,"javascriptCanCloseWindows":true,"javascriptCanOpenWindows":true,"javascriptEnabled":true,"loadImages":true,"localToRemoteUrlAccessEnabled":false,"userAgent":"Mozilla/5.0 (Macintosh; Intel Mac OS X) AppleWebKit/534.34 (KHTML, like Gecko) PhantomJS/1.9.8 Safari/534.34","webSecurityEnabled":true}
[INFO  - 2016-02-18T15:32:42.841Z] Session [da0a6760-d654-11e5-a5c8-a7b53004fd30] - page.customHeaders:  - {}
[INFO  - 2016-02-18T15:32:42.841Z] Session [da0a6760-d654-11e5-a5c8-a7b53004fd30] - Session.negotiatedCapabilities - {"browserName":"phantomjs","version":"1.9.8","driverName":"ghostdriver","driverVersion":"1.1.0","platform":"mac-unknown-32bit","javascriptEnabled":true,"takesScreenshot":true,"handlesAlerts":false,"databaseEnabled":false,"locationContextEnabled":false,"applicationCacheEnabled":false,"browserConnectionEnabled":false,"cssSelectorsEnabled":true,"webStorageEnabled":false,"rotatable":false,"acceptSslCerts":false,"nativeEvents":true,"proxy":{"proxyType":"direct"}}
[INFO  - 2016-02-18T15:32:42.841Z] SessionManagerReqHand - _postNewSessionCommand - New Session Created: da0a6760-d654-11e5-a5c8-a7b53004fd30
[INFO  - 2016-02-18T15:33:05.006Z] ShutdownReqHand - _handle - About to shutdown
[INFO  - 2016-02-18T15:33:08.689Z] GhostDriver - Main - running on port 2004
[INFO  - 2016-02-18T15:33:09.042Z] Session [e9a88300-d654-11e5-b7fb-1d8b51e2ed47] - page.settings - {"XSSAuditingEnabled":false,"javascriptCanCloseWindows":true,"javascriptCanOpenWindows":true,"javascriptEnabled":true,"loadImages":true,"localToRemoteUrlAccessEnabled":false,"userAgent":"Mozilla/5.0 (Macintosh; Intel Mac OS X) AppleWebKit/534.34 (KHTML, like Gecko) PhantomJS/1.9.8 Safari/534.34","webSecurityEnabled":true}
[INFO  - 2016-02-18T15:33:09.043Z] Session [e9a88300-d654-11e5-b7fb-1d8b51e2ed47] - page.customHeaders:  - {}
[INFO  - 2016-02-18T15:33:09.043Z] Session [e9a88300-d654-11e5-b7fb-1d8b51e2ed47] - Session.negotiatedCapabilities - {"browserName":"phantomjs","version":"1.9.8","driverName":"ghostdriver","driverVersion":"1.1.0","platform":"mac-unknown-32bit","javascriptEnabled":true,"takesScreenshot":true,"handlesAlerts":false,"databaseEnabled":false,"locationContextEnabled":false,"applicationCacheEnabled":false,"browserConnectionEnabled":false,"cssSelectorsEnabled":true,"webStorageEnabled":false,"rotatable":false,"acceptSslCerts":false,"nativeEvents":true,"proxy":{"proxyType":"direct"}}
[INFO  - 2016-02-18T15:33:09.043Z] SessionManagerReqHand - _postNewSessionCommand - New Session Created: e9a88300-d654-11e5-b7fb-1d8b51e2ed47
[INFO  - 2016-02-18T15:33:14.620Z] ShutdownReqHand - _handle - About to shutdown
[INFO  - 2016-02-18T15:33:39.866Z] GhostDriver - Main - running on port 20507
[INFO  - 2016-02-18T15:33:40.179Z] Session [fc377d00-d654-11e5-84a6-a75ddde17f54] - page.settings - {"XSSAuditingEnabled":false,"javascriptCanCloseWindows":true,"javascriptCanOpenWindows":true,"javascriptEnabled":true,"loadImages":true,"localToRemoteUrlAccessEnabled":false,"userAgent":"Mozilla/5.0 (Macintosh; Intel Mac OS X) AppleWebKit/534.34 (KHTML, like Gecko) PhantomJS/1.9.8 Safari/534.34","webSecurityEnabled":true}
[INFO  - 2016-02-18T15:33:40.179Z] Session [fc377d00-d654-11e5-84a6-a75ddde17f54] - page.customHeaders:  - {}
[INFO  - 2016-02-18T15:33:40.179Z] Session [fc377d00-d654-11e5-84a6-a75ddde17f54] - Session.negotiatedCapabilities - {"browserName":"phantomjs","version":"1.9.8","driverName":"ghostdriver","driverVersion":"1.1.0","platform":"mac-unknown-32bit","javascriptEnabled":true,"takesScreenshot":true,"handlesAlerts":false,"databaseEnabled":false,"locationContextEnabled":false,"applicationCacheEnabled":false,"browserConnectionEnabled":false,"cssSelectorsEnabled":true,"webStorageEnabled":false,"rotatable":false,"acceptSslCerts":false,"nativeEvents":true,"proxy":{"proxyType":"direct"}}
[INFO  - 2016-02-18T15:33:40.179Z] SessionManagerReqHand - _postNewSessionCommand - New Session Created: fc377d00-d654-11e5-84a6-a75ddde17f54
[INFO  - 2016-02-18T15:33:41.958Z] ShutdownReqHand - _handle - About to shutdown
[INFO  - 2016-02-18T15:33:44.451Z] SessionManagerReqHand - _cleanupWindowlessSessions - Asynchronous Sessions clean-up phase starting NOW
[INFO  - 2016-02-18T15:34:04.462Z] ShutdownReqHand - _handle - About to shutdown
[INFO  - 2016-02-18T15:34:05.023Z] ShutdownReqHand - _handle - About to shutdown
[INFO  - 2016-02-18T15:34:42.137Z] GhostDriver - Main - running on port 8438
[INFO  - 2016-02-18T15:34:42.501Z] Session [215d1220-d655-11e5-afc6-bb2953661fd9] - page.settings - {"XSSAuditingEnabled":false,"javascriptCanCloseWindows":true,"javascriptCanOpenWindows":true,"javascriptEnabled":true,"loadImages":true,"localToRemoteUrlAccessEnabled":false,"userAgent":"Mozilla/5.0 (Macintosh; Intel Mac OS X) AppleWebKit/534.34 (KHTML, like Gecko) PhantomJS/1.9.8 Safari/534.34","webSecurityEnabled":true}
[INFO  - 2016-02-18T15:34:42.501Z] Session [215d1220-d655-11e5-afc6-bb2953661fd9] - page.customHeaders:  - {}
[INFO  - 2016-02-18T15:34:42.501Z] Session [215d1220-d655-11e5-afc6-bb2953661fd9] - Session.negotiatedCapabilities - {"browserName":"phantomjs","version":"1.9.8","driverName":"ghostdriver","driverVersion":"1.1.0","platform":"mac-unknown-32bit","javascriptEnabled":true,"takesScreenshot":true,"handlesAlerts":false,"databaseEnabled":false,"locationContextEnabled":false,"applicationCacheEnabled":false,"browserConnectionEnabled":false,"cssSelectorsEnabled":true,"webStorageEnabled":false,"rotatable":false,"acceptSslCerts":false,"nativeEvents":true,"proxy":{"proxyType":"direct"}}
[INFO  - 2016-02-18T15:34:42.502Z] SessionManagerReqHand - _postNewSessionCommand - New Session Created: 215d1220-d655-11e5-afc6-bb2953661fd9
[INFO  - 2016-02-18T15:34:47.945Z] ShutdownReqHand - _handle - About to shutdown
[INFO  - 2016-02-18T15:35:58.616Z] GhostDriver - Main - running on port 12761
[INFO  - 2016-02-18T15:35:58.973Z] Session [4ef19e90-d655-11e5-b784-4f5184242b7c] - page.settings - {"XSSAuditingEnabled":false,"javascriptCanCloseWindows":true,"javascriptCanOpenWindows":true,"javascriptEnabled":true,"loadImages":true,"localToRemoteUrlAccessEnabled":false,"userAgent":"Mozilla/5.0 (Macintosh; Intel Mac OS X) AppleWebKit/534.34 (KHTML, like Gecko) PhantomJS/1.9.8 Safari/534.34","webSecurityEnabled":true}
[INFO  - 2016-02-18T15:35:58.973Z] Session [4ef19e90-d655-11e5-b784-4f5184242b7c] - page.customHeaders:  - {}
[INFO  - 2016-02-18T15:35:58.973Z] Session [4ef19e90-d655-11e5-b784-4f5184242b7c] - Session.negotiatedCapabilities - {"browserName":"phantomjs","version":"1.9.8","driverName":"ghostdriver","driverVersion":"1.1.0","platform":"mac-unknown-32bit","javascriptEnabled":true,"takesScreenshot":true,"handlesAlerts":false,"databaseEnabled":false,"locationContextEnabled":false,"applicationCacheEnabled":false,"browserConnectionEnabled":false,"cssSelectorsEnabled":true,"webStorageEnabled":false,"rotatable":false,"acceptSslCerts":false,"nativeEvents":true,"proxy":{"proxyType":"direct"}}
[INFO  - 2016-02-18T15:35:58.973Z] SessionManagerReqHand - _postNewSessionCommand - New Session Created: 4ef19e90-d655-11e5-b784-4f5184242b7c
[INFO  - 2016-02-18T15:36:04.851Z] ShutdownReqHand - _handle - About to shutdown
[INFO  - 2016-02-18T15:36:19.086Z] GhostDriver - Main - running on port 47371
[INFO  - 2016-02-18T15:36:19.453Z] Session [5b269e90-d655-11e5-9585-abd50157c350] - page.settings - {"XSSAuditingEnabled":false,"javascriptCanCloseWindows":true,"javascriptCanOpenWindows":true,"javascriptEnabled":true,"loadImages":true,"localToRemoteUrlAccessEnabled":false,"userAgent":"Mozilla/5.0 (Macintosh; Intel Mac OS X) AppleWebKit/534.34 (KHTML, like Gecko) PhantomJS/1.9.8 Safari/534.34","webSecurityEnabled":true}
[INFO  - 2016-02-18T15:36:19.453Z] Session [5b269e90-d655-11e5-9585-abd50157c350] - page.customHeaders:  - {}
[INFO  - 2016-02-18T15:36:19.453Z] Session [5b269e90-d655-11e5-9585-abd50157c350] - Session.negotiatedCapabilities - {"browserName":"phantomjs","version":"1.9.8","driverName":"ghostdriver","driverVersion":"1.1.0","platform":"mac-unknown-32bit","javascriptEnabled":true,"takesScreenshot":true,"handlesAlerts":false,"databaseEnabled":false,"locationContextEnabled":false,"applicationCacheEnabled":false,"browserConnectionEnabled":false,"cssSelectorsEnabled":true,"webStorageEnabled":false,"rotatable":false,"acceptSslCerts":false,"nativeEvents":true,"proxy":{"proxyType":"direct"}}
[INFO  - 2016-02-18T15:36:19.453Z] SessionManagerReqHand - _postNewSessionCommand - New Session Created: 5b269e90-d655-11e5-9585-abd50157c350
[INFO  - 2016-02-18T15:36:25.936Z] ShutdownReqHand - _handle - About to shutdown
[INFO  - 2016-02-18T15:37:12.733Z] GhostDriver - Main - running on port 43762
[INFO  - 2016-02-18T15:37:13.096Z] Session [7b200b50-d655-11e5-a840-ff1ce4f352a1] - page.settings - {"XSSAuditingEnabled":false,"javascriptCanCloseWindows":true,"javascriptCanOpenWindows":true,"javascriptEnabled":true,"loadImages":true,"localToRemoteUrlAccessEnabled":false,"userAgent":"Mozilla/5.0 (Macintosh; Intel Mac OS X) AppleWebKit/534.34 (KHTML, like Gecko) PhantomJS/1.9.8 Safari/534.34","webSecurityEnabled":true}
[INFO  - 2016-02-18T15:37:13.096Z] Session [7b200b50-d655-11e5-a840-ff1ce4f352a1] - page.customHeaders:  - {}
[INFO  - 2016-02-18T15:37:13.096Z] Session [7b200b50-d655-11e5-a840-ff1ce4f352a1] - Session.negotiatedCapabilities - {"browserName":"phantomjs","version":"1.9.8","driverName":"ghostdriver","driverVersion":"1.1.0","platform":"mac-unknown-32bit","javascriptEnabled":true,"takesScreenshot":true,"handlesAlerts":false,"databaseEnabled":false,"locationContextEnabled":false,"applicationCacheEnabled":false,"browserConnectionEnabled":false,"cssSelectorsEnabled":true,"webStorageEnabled":false,"rotatable":false,"acceptSslCerts":false,"nativeEvents":true,"proxy":{"proxyType":"direct"}}
[INFO  - 2016-02-18T15:37:13.096Z] SessionManagerReqHand - _postNewSessionCommand - New Session Created: 7b200b50-d655-11e5-a840-ff1ce4f352a1
[INFO  - 2016-02-18T15:37:59.885Z] ShutdownReqHand - _handle - About to shutdown
[INFO  - 2016-02-18T15:41:24.704Z] GhostDriver - Main - running on port 19421
[INFO  - 2016-02-18T15:41:25.069Z] Session [114feb90-d656-11e5-8c30-ebb0f407552d] - page.settings - {"XSSAuditingEnabled":false,"javascriptCanCloseWindows":true,"javascriptCanOpenWindows":true,"javascriptEnabled":true,"loadImages":true,"localToRemoteUrlAccessEnabled":false,"userAgent":"Mozilla/5.0 (Macintosh; Intel Mac OS X) AppleWebKit/534.34 (KHTML, like Gecko) PhantomJS/1.9.8 Safari/534.34","webSecurityEnabled":true}
[INFO  - 2016-02-18T15:41:25.069Z] Session [114feb90-d656-11e5-8c30-ebb0f407552d] - page.customHeaders:  - {}
[INFO  - 2016-02-18T15:41:25.069Z] Session [114feb90-d656-11e5-8c30-ebb0f407552d] - Session.negotiatedCapabilities - {"browserName":"phantomjs","version":"1.9.8","driverName":"ghostdriver","driverVersion":"1.1.0","platform":"mac-unknown-32bit","javascriptEnabled":true,"takesScreenshot":true,"handlesAlerts":false,"databaseEnabled":false,"locationContextEnabled":false,"applicationCacheEnabled":false,"browserConnectionEnabled":false,"cssSelectorsEnabled":true,"webStorageEnabled":false,"rotatable":false,"acceptSslCerts":false,"nativeEvents":true,"proxy":{"proxyType":"direct"}}
[INFO  - 2016-02-18T15:41:25.069Z] SessionManagerReqHand - _postNewSessionCommand - New Session Created: 114feb90-d656-11e5-8c30-ebb0f407552d
[INFO  - 2016-02-18T15:42:49.603Z] ShutdownReqHand - _handle - About to shutdown
[INFO  - 2016-02-18T15:44:54.361Z] GhostDriver - Main - running on port 32499
[INFO  - 2016-02-18T15:44:54.718Z] Session [8e45d1a0-d656-11e5-809a-fbb413483466] - page.settings - {"XSSAuditingEnabled":false,"javascriptCanCloseWindows":true,"javascriptCanOpenWindows":true,"javascriptEnabled":true,"loadImages":true,"localToRemoteUrlAccessEnabled":false,"userAgent":"Mozilla/5.0 (Macintosh; Intel Mac OS X) AppleWebKit/534.34 (KHTML, like Gecko) PhantomJS/1.9.8 Safari/534.34","webSecurityEnabled":true}
[INFO  - 2016-02-18T15:44:54.718Z] Session [8e45d1a0-d656-11e5-809a-fbb413483466] - page.customHeaders:  - {}
[INFO  - 2016-02-18T15:44:54.718Z] Session [8e45d1a0-d656-11e5-809a-fbb413483466] - Session.negotiatedCapabilities - {"browserName":"phantomjs","version":"1.9.8","driverName":"ghostdriver","driverVersion":"1.1.0","platform":"mac-unknown-32bit","javascriptEnabled":true,"takesScreenshot":true,"handlesAlerts":false,"databaseEnabled":false,"locationContextEnabled":false,"applicationCacheEnabled":false,"browserConnectionEnabled":false,"cssSelectorsEnabled":true,"webStorageEnabled":false,"rotatable":false,"acceptSslCerts":false,"nativeEvents":true,"proxy":{"proxyType":"direct"}}
[INFO  - 2016-02-18T15:44:54.718Z] SessionManagerReqHand - _postNewSessionCommand - New Session Created: 8e45d1a0-d656-11e5-809a-fbb413483466
[INFO  - 2016-02-18T15:45:05.874Z] ShutdownReqHand - _handle - About to shutdown
[INFO  - 2016-02-18T15:45:32.757Z] GhostDriver - Main - running on port 3329
[INFO  - 2016-02-18T15:45:33.103Z] Session [a526e7b0-d656-11e5-b60a-ef67bd5a1f9c] - page.settings - {"XSSAuditingEnabled":false,"javascriptCanCloseWindows":true,"javascriptCanOpenWindows":true,"javascriptEnabled":true,"loadImages":true,"localToRemoteUrlAccessEnabled":false,"userAgent":"Mozilla/5.0 (Macintosh; Intel Mac OS X) AppleWebKit/534.34 (KHTML, like Gecko) PhantomJS/1.9.8 Safari/534.34","webSecurityEnabled":true}
[INFO  - 2016-02-18T15:45:33.103Z] Session [a526e7b0-d656-11e5-b60a-ef67bd5a1f9c] - page.customHeaders:  - {}
[INFO  - 2016-02-18T15:45:33.103Z] Session [a526e7b0-d656-11e5-b60a-ef67bd5a1f9c] - Session.negotiatedCapabilities - {"browserName":"phantomjs","version":"1.9.8","driverName":"ghostdriver","driverVersion":"1.1.0","platform":"mac-unknown-32bit","javascriptEnabled":true,"takesScreenshot":true,"handlesAlerts":false,"databaseEnabled":false,"locationContextEnabled":false,"applicationCacheEnabled":false,"browserConnectionEnabled":false,"cssSelectorsEnabled":true,"webStorageEnabled":false,"rotatable":false,"acceptSslCerts":false,"nativeEvents":true,"proxy":{"proxyType":"direct"}}
[INFO  - 2016-02-18T15:45:33.103Z] SessionManagerReqHand - _postNewSessionCommand - New Session Created: a526e7b0-d656-11e5-b60a-ef67bd5a1f9c
[INFO  - 2016-02-18T15:45:37.486Z] ShutdownReqHand - _handle - About to shutdown
[INFO  - 2016-02-18T15:46:08.981Z] GhostDriver - Main - running on port 9578
[INFO  - 2016-02-18T15:46:09.346Z] Session [bac14cf0-d656-11e5-9e92-3d827847b854] - page.settings - {"XSSAuditingEnabled":false,"javascriptCanCloseWindows":true,"javascriptCanOpenWindows":true,"javascriptEnabled":true,"loadImages":true,"localToRemoteUrlAccessEnabled":false,"userAgent":"Mozilla/5.0 (Macintosh; Intel Mac OS X) AppleWebKit/534.34 (KHTML, like Gecko) PhantomJS/1.9.8 Safari/534.34","webSecurityEnabled":true}
[INFO  - 2016-02-18T15:46:09.346Z] Session [bac14cf0-d656-11e5-9e92-3d827847b854] - page.customHeaders:  - {}
[INFO  - 2016-02-18T15:46:09.346Z] Session [bac14cf0-d656-11e5-9e92-3d827847b854] - Session.negotiatedCapabilities - {"browserName":"phantomjs","version":"1.9.8","driverName":"ghostdriver","driverVersion":"1.1.0","platform":"mac-unknown-32bit","javascriptEnabled":true,"takesScreenshot":true,"handlesAlerts":false,"databaseEnabled":false,"locationContextEnabled":false,"applicationCacheEnabled":false,"browserConnectionEnabled":false,"cssSelectorsEnabled":true,"webStorageEnabled":false,"rotatable":false,"acceptSslCerts":false,"nativeEvents":true,"proxy":{"proxyType":"direct"}}
[INFO  - 2016-02-18T15:46:09.347Z] SessionManagerReqHand - _postNewSessionCommand - New Session Created: bac14cf0-d656-11e5-9e92-3d827847b854
[INFO  - 2016-02-18T15:46:12.255Z] ShutdownReqHand - _handle - About to shutdown
[INFO  - 2016-02-18T15:46:57.652Z] GhostDriver - Main - running on port 43083
[INFO  - 2016-02-18T15:46:57.998Z] Session [d7c101b0-d656-11e5-b21e-6790e3c4f9af] - page.settings - {"XSSAuditingEnabled":false,"javascriptCanCloseWindows":true,"javascriptCanOpenWindows":true,"javascriptEnabled":true,"loadImages":true,"localToRemoteUrlAccessEnabled":false,"userAgent":"Mozilla/5.0 (Macintosh; Intel Mac OS X) AppleWebKit/534.34 (KHTML, like Gecko) PhantomJS/1.9.8 Safari/534.34","webSecurityEnabled":true}
[INFO  - 2016-02-18T15:46:57.998Z] Session [d7c101b0-d656-11e5-b21e-6790e3c4f9af] - page.customHeaders:  - {}
[INFO  - 2016-02-18T15:46:57.999Z] Session [d7c101b0-d656-11e5-b21e-6790e3c4f9af] - Session.negotiatedCapabilities - {"browserName":"phantomjs","version":"1.9.8","driverName":"ghostdriver","driverVersion":"1.1.0","platform":"mac-unknown-32bit","javascriptEnabled":true,"takesScreenshot":true,"handlesAlerts":false,"databaseEnabled":false,"locationContextEnabled":false,"applicationCacheEnabled":false,"browserConnectionEnabled":false,"cssSelectorsEnabled":true,"webStorageEnabled":false,"rotatable":false,"acceptSslCerts":false,"nativeEvents":true,"proxy":{"proxyType":"direct"}}
[INFO  - 2016-02-18T15:46:57.999Z] SessionManagerReqHand - _postNewSessionCommand - New Session Created: d7c101b0-d656-11e5-b21e-6790e3c4f9af
[INFO  - 2016-02-18T15:47:00.994Z] ShutdownReqHand - _handle - About to shutdown
[INFO  - 2016-02-18T15:47:16.267Z] GhostDriver - Main - running on port 5689
[INFO  - 2016-02-18T15:47:16.630Z] Session [e2dc0630-d656-11e5-a13c-7fec73ee0df7] - page.settings - {"XSSAuditingEnabled":false,"javascriptCanCloseWindows":true,"javascriptCanOpenWindows":true,"javascriptEnabled":true,"loadImages":true,"localToRemoteUrlAccessEnabled":false,"userAgent":"Mozilla/5.0 (Macintosh; Intel Mac OS X) AppleWebKit/534.34 (KHTML, like Gecko) PhantomJS/1.9.8 Safari/534.34","webSecurityEnabled":true}
[INFO  - 2016-02-18T15:47:16.630Z] Session [e2dc0630-d656-11e5-a13c-7fec73ee0df7] - page.customHeaders:  - {}
[INFO  - 2016-02-18T15:47:16.630Z] Session [e2dc0630-d656-11e5-a13c-7fec73ee0df7] - Session.negotiatedCapabilities - {"browserName":"phantomjs","version":"1.9.8","driverName":"ghostdriver","driverVersion":"1.1.0","platform":"mac-unknown-32bit","javascriptEnabled":true,"takesScreenshot":true,"handlesAlerts":false,"databaseEnabled":false,"locationContextEnabled":false,"applicationCacheEnabled":false,"browserConnectionEnabled":false,"cssSelectorsEnabled":true,"webStorageEnabled":false,"rotatable":false,"acceptSslCerts":false,"nativeEvents":true,"proxy":{"proxyType":"direct"}}
[INFO  - 2016-02-18T15:47:16.630Z] SessionManagerReqHand - _postNewSessionCommand - New Session Created: e2dc0630-d656-11e5-a13c-7fec73ee0df7
[INFO  - 2016-02-18T15:47:19.007Z] ShutdownReqHand - _handle - About to shutdown
[INFO  - 2016-02-18T15:47:35.922Z] GhostDriver - Main - running on port 35627
[INFO  - 2016-02-18T15:47:36.287Z] Session [ee9371c0-d656-11e5-bcce-6bd6a431d26e] - page.settings - {"XSSAuditingEnabled":false,"javascriptCanCloseWindows":true,"javascriptCanOpenWindows":true,"javascriptEnabled":true,"loadImages":true,"localToRemoteUrlAccessEnabled":false,"userAgent":"Mozilla/5.0 (Macintosh; Intel Mac OS X) AppleWebKit/534.34 (KHTML, like Gecko) PhantomJS/1.9.8 Safari/534.34","webSecurityEnabled":true}
[INFO  - 2016-02-18T15:47:36.287Z] Session [ee9371c0-d656-11e5-bcce-6bd6a431d26e] - page.customHeaders:  - {}
[INFO  - 2016-02-18T15:47:36.287Z] Session [ee9371c0-d656-11e5-bcce-6bd6a431d26e] - Session.negotiatedCapabilities - {"browserName":"phantomjs","version":"1.9.8","driverName":"ghostdriver","driverVersion":"1.1.0","platform":"mac-unknown-32bit","javascriptEnabled":true,"takesScreenshot":true,"handlesAlerts":false,"databaseEnabled":false,"locationContextEnabled":false,"applicationCacheEnabled":false,"browserConnectionEnabled":false,"cssSelectorsEnabled":true,"webStorageEnabled":false,"rotatable":false,"acceptSslCerts":false,"nativeEvents":true,"proxy":{"proxyType":"direct"}}
[INFO  - 2016-02-18T15:47:36.287Z] SessionManagerReqHand - _postNewSessionCommand - New Session Created: ee9371c0-d656-11e5-bcce-6bd6a431d26e
[INFO  - 2016-02-18T15:47:41.764Z] ShutdownReqHand - _handle - About to shutdown
[INFO  - 2016-02-18T15:50:31.969Z] GhostDriver - Main - running on port 3352
[INFO  - 2016-02-18T15:50:32.324Z] Session [57808f10-d657-11e5-a642-8381485206d6] - page.settings - {"XSSAuditingEnabled":false,"javascriptCanCloseWindows":true,"javascriptCanOpenWindows":true,"javascriptEnabled":true,"loadImages":true,"localToRemoteUrlAccessEnabled":false,"userAgent":"Mozilla/5.0 (Macintosh; Intel Mac OS X) AppleWebKit/534.34 (KHTML, like Gecko) PhantomJS/1.9.8 Safari/534.34","webSecurityEnabled":true}
[INFO  - 2016-02-18T15:50:32.324Z] Session [57808f10-d657-11e5-a642-8381485206d6] - page.customHeaders:  - {}
[INFO  - 2016-02-18T15:50:32.324Z] Session [57808f10-d657-11e5-a642-8381485206d6] - Session.negotiatedCapabilities - {"browserName":"phantomjs","version":"1.9.8","driverName":"ghostdriver","driverVersion":"1.1.0","platform":"mac-unknown-32bit","javascriptEnabled":true,"takesScreenshot":true,"handlesAlerts":false,"databaseEnabled":false,"locationContextEnabled":false,"applicationCacheEnabled":false,"browserConnectionEnabled":false,"cssSelectorsEnabled":true,"webStorageEnabled":false,"rotatable":false,"acceptSslCerts":false,"nativeEvents":true,"proxy":{"proxyType":"direct"}}
[INFO  - 2016-02-18T15:50:32.324Z] SessionManagerReqHand - _postNewSessionCommand - New Session Created: 57808f10-d657-11e5-a642-8381485206d6
[INFO  - 2016-02-18T15:50:38.051Z] ShutdownReqHand - _handle - About to shutdown
[INFO  - 2016-02-18T15:58:03.677Z] GhostDriver - Main - running on port 29424
[INFO  - 2016-02-18T15:58:04.023Z] Session [64bc5b40-d658-11e5-9d12-45734ce31bb4] - page.settings - {"XSSAuditingEnabled":false,"javascriptCanCloseWindows":true,"javascriptCanOpenWindows":true,"javascriptEnabled":true,"loadImages":true,"localToRemoteUrlAccessEnabled":false,"userAgent":"Mozilla/5.0 (Macintosh; Intel Mac OS X) AppleWebKit/534.34 (KHTML, like Gecko) PhantomJS/1.9.8 Safari/534.34","webSecurityEnabled":true}
[INFO  - 2016-02-18T15:58:04.023Z] Session [64bc5b40-d658-11e5-9d12-45734ce31bb4] - page.customHeaders:  - {}
[INFO  - 2016-02-18T15:58:04.023Z] Session [64bc5b40-d658-11e5-9d12-45734ce31bb4] - Session.negotiatedCapabilities - {"browserName":"phantomjs","version":"1.9.8","driverName":"ghostdriver","driverVersion":"1.1.0","platform":"mac-unknown-32bit","javascriptEnabled":true,"takesScreenshot":true,"handlesAlerts":false,"databaseEnabled":false,"locationContextEnabled":false,"applicationCacheEnabled":false,"browserConnectionEnabled":false,"cssSelectorsEnabled":true,"webStorageEnabled":false,"rotatable":false,"acceptSslCerts":false,"nativeEvents":true,"proxy":{"proxyType":"direct"}}
[INFO  - 2016-02-18T15:58:04.023Z] SessionManagerReqHand - _postNewSessionCommand - New Session Created: 64bc5b40-d658-11e5-9d12-45734ce31bb4
[INFO  - 2016-02-18T15:58:09.753Z] ShutdownReqHand - _handle - About to shutdown
